<?xml version="1.0" encoding="UTF-8"?>
<testsuite name="com.dws.challenge.web.TransferControllerTest" tests="2" skipped="0" failures="0" errors="0" timestamp="2023-03-30T17:23:46" hostname="192.168.1.7" time="0.044">
  <properties/>
  <testcase name="transfer()" classname="com.dws.challenge.web.TransferControllerTest" time="0.025"/>
  <testcase name="transferNegativeAmount()" classname="com.dws.challenge.web.TransferControllerTest" time="0.017"/>
  <system-out><![CDATA[2023-03-30 22:53:46.803  INFO 36088 --- [    Test worker] .b.t.c.SpringBootTestContextBootstrapper : Neither @ContextConfiguration nor @ContextHierarchy found for test class [com.dws.challenge.web.TransferControllerTest], using SpringBootContextLoader
2023-03-30 22:53:46.806  INFO 36088 --- [    Test worker] o.s.t.c.support.AbstractContextLoader    : Could not detect default resource locations for test class [com.dws.challenge.web.TransferControllerTest]: no resource found for suffixes {-context.xml, Context.groovy}.
2023-03-30 22:53:46.806  INFO 36088 --- [    Test worker] t.c.s.AnnotationConfigContextLoaderUtils : Could not detect default configuration classes for test class [com.dws.challenge.web.TransferControllerTest]: TransferControllerTest does not declare any static, non-private, non-final, nested classes annotated with @Configuration.
2023-03-30 22:53:46.818  INFO 36088 --- [    Test worker] .b.t.c.SpringBootTestContextBootstrapper : Found @SpringBootConfiguration com.dws.challenge.ChallengeApplication for test class com.dws.challenge.web.TransferControllerTest
2023-03-30 22:53:46.821  INFO 36088 --- [    Test worker] .b.t.c.SpringBootTestContextBootstrapper : Loaded default TestExecutionListener class names from location [META-INF/spring.factories]: [org.springframework.boot.test.autoconfigure.restdocs.RestDocsTestExecutionListener, org.springframework.boot.test.autoconfigure.web.client.MockRestServiceServerResetTestExecutionListener, org.springframework.boot.test.autoconfigure.web.servlet.MockMvcPrintOnlyOnFailureTestExecutionListener, org.springframework.boot.test.autoconfigure.web.servlet.WebDriverTestExecutionListener, org.springframework.boot.test.autoconfigure.webservices.client.MockWebServiceServerTestExecutionListener, org.springframework.boot.test.mock.mockito.MockitoTestExecutionListener, org.springframework.boot.test.mock.mockito.ResetMocksTestExecutionListener, org.springframework.test.context.web.ServletTestExecutionListener, org.springframework.test.context.support.DirtiesContextBeforeModesTestExecutionListener, org.springframework.test.context.event.ApplicationEventsTestExecutionListener, org.springframework.test.context.support.DependencyInjectionTestExecutionListener, org.springframework.test.context.support.DirtiesContextTestExecutionListener, org.springframework.test.context.transaction.TransactionalTestExecutionListener, org.springframework.test.context.jdbc.SqlScriptsTestExecutionListener, org.springframework.test.context.event.EventPublishingTestExecutionListener]
2023-03-30 22:53:46.824  INFO 36088 --- [    Test worker] .b.t.c.SpringBootTestContextBootstrapper : Using TestExecutionListeners: [org.springframework.test.context.web.ServletTestExecutionListener@95cecc5, org.springframework.test.context.support.DirtiesContextBeforeModesTestExecutionListener@48b3b1b8, org.springframework.test.context.event.ApplicationEventsTestExecutionListener@b86cb18, org.springframework.boot.test.mock.mockito.MockitoTestExecutionListener@29c244e, org.springframework.boot.test.autoconfigure.SpringBootDependencyInjectionTestExecutionListener@6cc8da1c, org.springframework.test.context.support.DirtiesContextTestExecutionListener@39a3984c, org.springframework.test.context.event.EventPublishingTestExecutionListener@4404a6b, org.springframework.boot.test.autoconfigure.restdocs.RestDocsTestExecutionListener@671da0f9, org.springframework.boot.test.autoconfigure.web.client.MockRestServiceServerResetTestExecutionListener@4d2f9e3c, org.springframework.boot.test.autoconfigure.web.servlet.MockMvcPrintOnlyOnFailureTestExecutionListener@686b1e2d, org.springframework.boot.test.autoconfigure.web.servlet.WebDriverTestExecutionListener@6e7e0259, org.springframework.boot.test.autoconfigure.webservices.client.MockWebServiceServerTestExecutionListener@646e6d07, org.springframework.boot.test.mock.mockito.ResetMocksTestExecutionListener@5501d1c8]
2023-03-30 22:53:46.833  INFO 36088 --- [    Test worker] o.s.b.t.m.w.SpringBootMockServletContext : Initializing Spring TestDispatcherServlet ''
2023-03-30 22:53:46.834  INFO 36088 --- [    Test worker] o.s.t.web.servlet.TestDispatcherServlet  : Initializing Servlet ''
2023-03-30 22:53:46.835  INFO 36088 --- [    Test worker] o.s.t.web.servlet.TestDispatcherServlet  : Completed initialization in 1 ms
2023-03-30 22:53:46.859  INFO 36088 --- [    Test worker] o.s.b.t.m.w.SpringBootMockServletContext : Initializing Spring TestDispatcherServlet ''
2023-03-30 22:53:46.860  INFO 36088 --- [    Test worker] o.s.t.web.servlet.TestDispatcherServlet  : Initializing Servlet ''
2023-03-30 22:53:46.861  INFO 36088 --- [    Test worker] o.s.t.web.servlet.TestDispatcherServlet  : Completed initialization in 1 ms
]]></system-out>
  <system-err><![CDATA[]]></system-err>
</testsuite>
