<?xml version="1.0" encoding="UTF-8"?>
<testsuite name="com.dws.challenge.service.TransferServiceTest" tests="3" skipped="0" failures="0" errors="0" timestamp="2023-03-30T17:23:46" hostname="192.168.1.7" time="0.048">
  <properties/>
  <testcase name="transfer_failsOnInsufficientAmount()" classname="com.dws.challenge.service.TransferServiceTest" time="0.007"/>
  <testcase name="transfer_failsOnNegativeAmount()" classname="com.dws.challenge.service.TransferServiceTest" time="0.004"/>
  <testcase name="transfer()" classname="com.dws.challenge.service.TransferServiceTest" time="0.033"/>
  <system-out><![CDATA[2023-03-30 22:53:46.726  INFO 36088 --- [    Test worker] .b.t.c.SpringBootTestContextBootstrapper : Neither @ContextConfiguration nor @ContextHierarchy found for test class [com.dws.challenge.service.TransferServiceTest], using SpringBootContextLoader
2023-03-30 22:53:46.726  INFO 36088 --- [    Test worker] o.s.t.c.support.AbstractContextLoader    : Could not detect default resource locations for test class [com.dws.challenge.service.TransferServiceTest]: no resource found for suffixes {-context.xml, Context.groovy}.
2023-03-30 22:53:46.727  INFO 36088 --- [    Test worker] t.c.s.AnnotationConfigContextLoaderUtils : Could not detect default configuration classes for test class [com.dws.challenge.service.TransferServiceTest]: TransferServiceTest does not declare any static, non-private, non-final, nested classes annotated with @Configuration.
2023-03-30 22:53:46.736  INFO 36088 --- [    Test worker] .b.t.c.SpringBootTestContextBootstrapper : Found @SpringBootConfiguration com.dws.challenge.ChallengeApplication for test class com.dws.challenge.service.TransferServiceTest
2023-03-30 22:53:46.743  INFO 36088 --- [    Test worker] .b.t.c.SpringBootTestContextBootstrapper : Loaded default TestExecutionListener class names from location [META-INF/spring.factories]: [org.springframework.boot.test.autoconfigure.restdocs.RestDocsTestExecutionListener, org.springframework.boot.test.autoconfigure.web.client.MockRestServiceServerResetTestExecutionListener, org.springframework.boot.test.autoconfigure.web.servlet.MockMvcPrintOnlyOnFailureTestExecutionListener, org.springframework.boot.test.autoconfigure.web.servlet.WebDriverTestExecutionListener, org.springframework.boot.test.autoconfigure.webservices.client.MockWebServiceServerTestExecutionListener, org.springframework.boot.test.mock.mockito.MockitoTestExecutionListener, org.springframework.boot.test.mock.mockito.ResetMocksTestExecutionListener, org.springframework.test.context.web.ServletTestExecutionListener, org.springframework.test.context.support.DirtiesContextBeforeModesTestExecutionListener, org.springframework.test.context.event.ApplicationEventsTestExecutionListener, org.springframework.test.context.support.DependencyInjectionTestExecutionListener, org.springframework.test.context.support.DirtiesContextTestExecutionListener, org.springframework.test.context.transaction.TransactionalTestExecutionListener, org.springframework.test.context.jdbc.SqlScriptsTestExecutionListener, org.springframework.test.context.event.EventPublishingTestExecutionListener]
2023-03-30 22:53:46.744  INFO 36088 --- [    Test worker] .b.t.c.SpringBootTestContextBootstrapper : Using TestExecutionListeners: [org.springframework.test.context.web.ServletTestExecutionListener@38dbeb39, org.springframework.test.context.support.DirtiesContextBeforeModesTestExecutionListener@10f20d38, org.springframework.test.context.event.ApplicationEventsTestExecutionListener@538aa83f, org.springframework.boot.test.mock.mockito.MockitoTestExecutionListener@63e70bf9, org.springframework.boot.test.autoconfigure.SpringBootDependencyInjectionTestExecutionListener@402a69f, org.springframework.test.context.support.DirtiesContextTestExecutionListener@419f0ea, org.springframework.test.context.event.EventPublishingTestExecutionListener@2d47b06, org.springframework.boot.test.autoconfigure.restdocs.RestDocsTestExecutionListener@59371066, org.springframework.boot.test.autoconfigure.web.client.MockRestServiceServerResetTestExecutionListener@48106381, org.springframework.boot.test.autoconfigure.web.servlet.MockMvcPrintOnlyOnFailureTestExecutionListener@3c544c9, org.springframework.boot.test.autoconfigure.web.servlet.WebDriverTestExecutionListener@22e813fc, org.springframework.boot.test.autoconfigure.webservices.client.MockWebServiceServerTestExecutionListener@433d93e7, org.springframework.boot.test.mock.mockito.ResetMocksTestExecutionListener@87aec6a]
]]></system-out>
  <system-err><![CDATA[]]></system-err>
</testsuite>
