<?xml version="1.0" encoding="UTF-8"?>
<testsuite name="com.dws.challenge.ChallengeApplicationTests" tests="1" skipped="0" failures="0" errors="0" timestamp="2023-03-30T17:23:46" hostname="192.168.1.7" time="0.004">
  <properties/>
  <testcase name="contextLoads()" classname="com.dws.challenge.ChallengeApplicationTests" time="0.004"/>
  <system-out><![CDATA[2023-03-30 22:53:46.704  INFO 36088 --- [    Test worker] .b.t.c.SpringBootTestContextBootstrapper : Neither @ContextConfiguration nor @ContextHierarchy found for test class [com.dws.challenge.ChallengeApplicationTests], using SpringBootContextLoader
2023-03-30 22:53:46.705  INFO 36088 --- [    Test worker] o.s.t.c.support.AbstractContextLoader    : Could not detect default resource locations for test class [com.dws.challenge.ChallengeApplicationTests]: no resource found for suffixes {-context.xml, Context.groovy}.
2023-03-30 22:53:46.705  INFO 36088 --- [    Test worker] t.c.s.AnnotationConfigContextLoaderUtils : Could not detect default configuration classes for test class [com.dws.challenge.ChallengeApplicationTests]: ChallengeApplicationTests does not declare any static, non-private, non-final, nested classes annotated with @Configuration.
2023-03-30 22:53:46.708  INFO 36088 --- [    Test worker] .b.t.c.SpringBootTestContextBootstrapper : Found @SpringBootConfiguration com.dws.challenge.ChallengeApplication for test class com.dws.challenge.ChallengeApplicationTests
2023-03-30 22:53:46.710  INFO 36088 --- [    Test worker] .b.t.c.SpringBootTestContextBootstrapper : Loaded default TestExecutionListener class names from location [META-INF/spring.factories]: [org.springframework.boot.test.autoconfigure.restdocs.RestDocsTestExecutionListener, org.springframework.boot.test.autoconfigure.web.client.MockRestServiceServerResetTestExecutionListener, org.springframework.boot.test.autoconfigure.web.servlet.MockMvcPrintOnlyOnFailureTestExecutionListener, org.springframework.boot.test.autoconfigure.web.servlet.WebDriverTestExecutionListener, org.springframework.boot.test.autoconfigure.webservices.client.MockWebServiceServerTestExecutionListener, org.springframework.boot.test.mock.mockito.MockitoTestExecutionListener, org.springframework.boot.test.mock.mockito.ResetMocksTestExecutionListener, org.springframework.test.context.web.ServletTestExecutionListener, org.springframework.test.context.support.DirtiesContextBeforeModesTestExecutionListener, org.springframework.test.context.event.ApplicationEventsTestExecutionListener, org.springframework.test.context.support.DependencyInjectionTestExecutionListener, org.springframework.test.context.support.DirtiesContextTestExecutionListener, org.springframework.test.context.transaction.TransactionalTestExecutionListener, org.springframework.test.context.jdbc.SqlScriptsTestExecutionListener, org.springframework.test.context.event.EventPublishingTestExecutionListener]
2023-03-30 22:53:46.712  INFO 36088 --- [    Test worker] .b.t.c.SpringBootTestContextBootstrapper : Using TestExecutionListeners: [org.springframework.test.context.web.ServletTestExecutionListener@191e654, org.springframework.test.context.support.DirtiesContextBeforeModesTestExecutionListener@3a6556b6, org.springframework.test.context.event.ApplicationEventsTestExecutionListener@63bca84d, org.springframework.boot.test.mock.mockito.MockitoTestExecutionListener@6141647f, org.springframework.boot.test.autoconfigure.SpringBootDependencyInjectionTestExecutionListener@6f6c8d45, org.springframework.test.context.support.DirtiesContextTestExecutionListener@7f2ca6f8, org.springframework.test.context.event.EventPublishingTestExecutionListener@79d49790, org.springframework.boot.test.autoconfigure.restdocs.RestDocsTestExecutionListener@13dc6649, org.springframework.boot.test.autoconfigure.web.client.MockRestServiceServerResetTestExecutionListener@1851c7d2, org.springframework.boot.test.autoconfigure.web.servlet.MockMvcPrintOnlyOnFailureTestExecutionListener@250a946, org.springframework.boot.test.autoconfigure.web.servlet.WebDriverTestExecutionListener@5fe5c68b, org.springframework.boot.test.autoconfigure.webservices.client.MockWebServiceServerTestExecutionListener@2ffb0d10, org.springframework.boot.test.mock.mockito.ResetMocksTestExecutionListener@3982206a]
]]></system-out>
  <system-err><![CDATA[]]></system-err>
</testsuite>
